<?xml version="1.0" encoding="UTF-8"?>
<!-- Generated by org.testng.reporters.JUnitXMLReporter -->
<testsuite hostname="REM-L-SINGHH" ignored="0" name="Test Case: 001- Login Page Verification " tests="22" failures="19" timestamp="31 Oct 2019 16:00:14 GMT" time="2.15" errors="0">
  <testcase name="feature" time="0.231" classname="cucumber.api.testng.AbstractTestNGCucumberTests">
    <skipped/>
  </testcase> <!-- feature -->
  <testcase name="feature" time="0.054" classname="cucumber.api.testng.AbstractTestNGCucumberTests">
    <skipped/>
  </testcase> <!-- feature -->
  <testcase name="feature" time="0.05" classname="cucumber.api.testng.AbstractTestNGCucumberTests">
    <skipped/>
  </testcase> <!-- feature -->
  <testcase name="feature" time="0.051" classname="cucumber.api.testng.AbstractTestNGCucumberTests">
    <failure type="cucumber.runtime.CucumberException" message="java.lang.NullPointerException">
      <![CDATA[cucumber.runtime.CucumberException: java.lang.NullPointerException
at cucumber.api.testng.TestNGCucumberRunner.runCucumber(TestNGCucumberRunner.java:69)
at cucumber.api.testng.AbstractTestNGCucumberTests.feature(AbstractTestNGCucumberTests.java:21)
Caused by: java.lang.NullPointerException
at resources.basePropertiesCucm.intializeDriver(basePropertiesCucm.java:52)
at stepDefinations.SD0005_login_With_Partner_Developer.initialize_the_driver_of_the_browser_and_provide_the_url_to_login_with_empirix_business_analyst(SD0005_login_With_Partner_Developer.java:40)
at ✽.Given Initialize the Driver of the browser and provide the URL to login with Partner_Developer(features/F0005_login_With_Partner_Developer.feature:6)
... Removed 25 stack frames]]>
    </failure>
  </testcase> <!-- feature -->
  <testcase name="feature" time="0.047" classname="cucumber.api.testng.AbstractTestNGCucumberTests">
    <failure type="cucumber.runtime.CucumberException" message="java.lang.NullPointerException">
      <![CDATA[cucumber.runtime.CucumberException: java.lang.NullPointerException
at cucumber.api.testng.TestNGCucumberRunner.runCucumber(TestNGCucumberRunner.java:69)
at cucumber.api.testng.AbstractTestNGCucumberTests.feature(AbstractTestNGCucumberTests.java:21)
Caused by: java.lang.NullPointerException
at resources.basePropertiesCucm.intializeDriver(basePropertiesCucm.java:52)
at stepDefinations.SD0006_login_With_Partner_Enhanced_User.initialize_the_driver_of_the_browser_and_provide_the_url_to_login_with_empirix_business_analyst(SD0006_login_With_Partner_Enhanced_User.java:40)
at ✽.Given Initialize the Driver of the browser and provide the URL to login with Partner_Enhanced_User(features/F0006_login_With_Partner_Enhanced_User.feature:6)
... Removed 25 stack frames]]>
    </failure>
  </testcase> <!-- feature -->
  <testcase name="feature" time="0.046" classname="cucumber.api.testng.AbstractTestNGCucumberTests">
    <failure type="cucumber.runtime.CucumberException" message="java.lang.NullPointerException">
      <![CDATA[cucumber.runtime.CucumberException: java.lang.NullPointerException
at cucumber.api.testng.TestNGCucumberRunner.runCucumber(TestNGCucumberRunner.java:69)
at cucumber.api.testng.AbstractTestNGCucumberTests.feature(AbstractTestNGCucumberTests.java:21)
Caused by: java.lang.NullPointerException
at resources.basePropertiesCucm.intializeDriver(basePropertiesCucm.java:52)
at stepDefinations.SD0006_login_With_Partner_Enhanced_User.initialize_the_driver_of_the_browser_and_provide_the_url_to_login_with_empirix_business_analyst(SD0006_login_With_Partner_Enhanced_User.java:40)
at ✽.Given Initialize the Driver of the browser and provide the URL to login with Partner_Enhanced_User(features/F0006_login_With_Partner_Enhanced_User.feature:6)
... Removed 25 stack frames]]>
    </failure>
  </testcase> <!-- feature -->
  <testcase name="feature" time="0.06" classname="cucumber.api.testng.AbstractTestNGCucumberTests">
    <failure type="cucumber.runtime.CucumberException" message="java.lang.NullPointerException">
      <![CDATA[cucumber.runtime.CucumberException: java.lang.NullPointerException
at cucumber.api.testng.TestNGCucumberRunner.runCucumber(TestNGCucumberRunner.java:69)
at cucumber.api.testng.AbstractTestNGCucumberTests.feature(AbstractTestNGCucumberTests.java:21)
Caused by: java.lang.NullPointerException
at resources.basePropertiesCucm.intializeDriver(basePropertiesCucm.java:52)
at stepDefinations.SD0008_login_With_Client_or_Partner_Client_Custmer_Admin.initialize_the_driver_of_the_browser_and_provide_the_url_to_login_with_empirix_business_analyst(SD0008_login_With_Client_or_Partner_Client_Custmer_Admin.java:40)
at ✽.Given Initialize the Driver of the browser and provide the URL to login with Client_or_Partner_Client_Custmer_Admin(features/F0008_login_With_Client_or_Partner_Client_Custmer_Admin.feature:6)
... Removed 25 stack frames]]>
    </failure>
  </testcase> <!-- feature -->
  <testcase name="feature" time="0.064" classname="cucumber.api.testng.AbstractTestNGCucumberTests">
    <failure type="cucumber.runtime.CucumberException" message="java.lang.NullPointerException">
      <![CDATA[cucumber.runtime.CucumberException: java.lang.NullPointerException
at cucumber.api.testng.TestNGCucumberRunner.runCucumber(TestNGCucumberRunner.java:69)
at cucumber.api.testng.AbstractTestNGCucumberTests.feature(AbstractTestNGCucumberTests.java:21)
Caused by: java.lang.NullPointerException
at resources.basePropertiesCucm.intializeDriver(basePropertiesCucm.java:52)
at stepDefinations.SD0008_login_With_Client_or_Partner_Client_Custmer_Admin.initialize_the_driver_of_the_browser_and_provide_the_url_to_login_with_empirix_business_analyst(SD0008_login_With_Client_or_Partner_Client_Custmer_Admin.java:40)
at ✽.Given Initialize the Driver of the browser and provide the URL to login with Client_or_Partner_Client_Custmer_Admin(features/F0008_login_With_Client_or_Partner_Client_Custmer_Admin.feature:6)
... Removed 25 stack frames]]>
    </failure>
  </testcase> <!-- feature -->
  <testcase name="feature" time="0.05" classname="cucumber.api.testng.AbstractTestNGCucumberTests">
    <failure type="cucumber.runtime.CucumberException" message="java.lang.NullPointerException">
      <![CDATA[cucumber.runtime.CucumberException: java.lang.NullPointerException
at cucumber.api.testng.TestNGCucumberRunner.runCucumber(TestNGCucumberRunner.java:69)
at cucumber.api.testng.AbstractTestNGCucumberTests.feature(AbstractTestNGCucumberTests.java:21)
Caused by: java.lang.NullPointerException
at resources.basePropertiesCucm.intializeDriver(basePropertiesCucm.java:52)
at stepDefinations.SD0009_login_With_Client_or_Partner_Client_Developer.initialize_the_driver_of_the_browser_and_provide_the_url_to_login_with_empirix_business_analyst(SD0009_login_With_Client_or_Partner_Client_Developer.java:40)
at ✽.Given Initialize the Driver of the browser and provide the URL to login with Client_or_Partner_Client_Developer(features/F0009_login_With_Client_or_Partner_Client_Developer.feature:6)
... Removed 25 stack frames]]>
    </failure>
  </testcase> <!-- feature -->
  <testcase name="feature" time="0.067" classname="cucumber.api.testng.AbstractTestNGCucumberTests">
    <failure type="cucumber.runtime.CucumberException" message="java.lang.NullPointerException">
      <![CDATA[cucumber.runtime.CucumberException: java.lang.NullPointerException
at cucumber.api.testng.TestNGCucumberRunner.runCucumber(TestNGCucumberRunner.java:69)
at cucumber.api.testng.AbstractTestNGCucumberTests.feature(AbstractTestNGCucumberTests.java:21)
Caused by: java.lang.NullPointerException
at resources.basePropertiesCucm.intializeDriver(basePropertiesCucm.java:52)
at stepDefinations.SD0009_login_With_Client_or_Partner_Client_Developer.initialize_the_driver_of_the_browser_and_provide_the_url_to_login_with_empirix_business_analyst(SD0009_login_With_Client_or_Partner_Client_Developer.java:40)
at ✽.Given Initialize the Driver of the browser and provide the URL to login with Client_or_Partner_Client_Developer(features/F0009_login_With_Client_or_Partner_Client_Developer.feature:6)
... Removed 25 stack frames]]>
    </failure>
  </testcase> <!-- feature -->
  <testcase name="feature" time="0.054" classname="cucumber.api.testng.AbstractTestNGCucumberTests">
    <failure type="cucumber.runtime.CucumberException" message="java.lang.NullPointerException">
      <![CDATA[cucumber.runtime.CucumberException: java.lang.NullPointerException
at cucumber.api.testng.TestNGCucumberRunner.runCucumber(TestNGCucumberRunner.java:69)
at cucumber.api.testng.AbstractTestNGCucumberTests.feature(AbstractTestNGCucumberTests.java:21)
Caused by: java.lang.NullPointerException
at resources.basePropertiesCucm.intializeDriver(basePropertiesCucm.java:52)
at stepDefinations.SD0010_login_With_Client_or_Partner_Client_Enhanced_User.initialize_the_driver_of_the_browser_and_provide_the_url_to_login_with_empirix_business_analyst(SD0010_login_With_Client_or_Partner_Client_Enhanced_User.java:40)
at ✽.Given Initialize the Driver of the browser and provide the URL to login with Client_or_Partner_Client_Enhanced_User(features/F0010_login_With_Client_or_Partner_Client_Enhanced_User.feature:6)
... Removed 25 stack frames]]>
    </failure>
  </testcase> <!-- feature -->
  <testcase name="feature" time="0.061" classname="cucumber.api.testng.AbstractTestNGCucumberTests">
    <failure type="cucumber.runtime.CucumberException" message="java.lang.NullPointerException">
      <![CDATA[cucumber.runtime.CucumberException: java.lang.NullPointerException
at cucumber.api.testng.TestNGCucumberRunner.runCucumber(TestNGCucumberRunner.java:69)
at cucumber.api.testng.AbstractTestNGCucumberTests.feature(AbstractTestNGCucumberTests.java:21)
Caused by: java.lang.NullPointerException
at resources.basePropertiesCucm.intializeDriver(basePropertiesCucm.java:52)
at stepDefinations.SD0010_login_With_Client_or_Partner_Client_Enhanced_User.initialize_the_driver_of_the_browser_and_provide_the_url_to_login_with_empirix_business_analyst(SD0010_login_With_Client_or_Partner_Client_Enhanced_User.java:40)
at ✽.Given Initialize the Driver of the browser and provide the URL to login with Client_or_Partner_Client_Enhanced_User(features/F0010_login_With_Client_or_Partner_Client_Enhanced_User.feature:6)
... Removed 25 stack frames]]>
    </failure>
  </testcase> <!-- feature -->
  <testcase name="feature" time="0.021" classname="cucumber.api.testng.AbstractTestNGCucumberTests">
    <failure type="cucumber.runtime.CucumberException" message="java.lang.NullPointerException">
      <![CDATA[cucumber.runtime.CucumberException: java.lang.NullPointerException
at cucumber.api.testng.TestNGCucumberRunner.runCucumber(TestNGCucumberRunner.java:69)
at cucumber.api.testng.AbstractTestNGCucumberTests.feature(AbstractTestNGCucumberTests.java:21)
Caused by: java.lang.NullPointerException
at resources.basePropertiesCucm.intializeDriver(basePropertiesCucm.java:52)
at stepDefinations.SD0011_login_With_Client_or_Partner_Client_User.initialize_the_driver_of_the_browser_and_provide_the_url_to_login_with_empirix_business_analyst(SD0011_login_With_Client_or_Partner_Client_User.java:40)
at ✽.Given Initialize the Driver of the browser and provide the URL to login with Client_or_Partner_User(features/F0011_login_With_Client_or_Partner_Client_User.feature:6)
... Removed 25 stack frames]]>
    </failure>
  </testcase> <!-- feature -->
  <testcase name="feature" time="0.029" classname="cucumber.api.testng.AbstractTestNGCucumberTests">
    <failure type="cucumber.runtime.CucumberException" message="java.lang.NullPointerException">
      <![CDATA[cucumber.runtime.CucumberException: java.lang.NullPointerException
at cucumber.api.testng.TestNGCucumberRunner.runCucumber(TestNGCucumberRunner.java:69)
at cucumber.api.testng.AbstractTestNGCucumberTests.feature(AbstractTestNGCucumberTests.java:21)
Caused by: java.lang.NullPointerException
at resources.basePropertiesCucm.intializeDriver(basePropertiesCucm.java:52)
at stepDefinations.SD0011_login_With_Client_or_Partner_Client_User.initialize_the_driver_of_the_browser_and_provide_the_url_to_login_with_empirix_business_analyst(SD0011_login_With_Client_or_Partner_Client_User.java:40)
at ✽.Given Initialize the Driver of the browser and provide the URL to login with Client_or_Partner_User(features/F0011_login_With_Client_or_Partner_Client_User.feature:6)
... Removed 25 stack frames]]>
    </failure>
  </testcase> <!-- feature -->
  <testcase name="feature" time="0.054" classname="cucumber.api.testng.AbstractTestNGCucumberTests">
    <failure type="cucumber.runtime.CucumberException" message="java.lang.NullPointerException">
      <![CDATA[cucumber.runtime.CucumberException: java.lang.NullPointerException
at cucumber.api.testng.TestNGCucumberRunner.runCucumber(TestNGCucumberRunner.java:69)
at cucumber.api.testng.AbstractTestNGCucumberTests.feature(AbstractTestNGCucumberTests.java:21)
Caused by: java.lang.NullPointerException
at resources.basePropertiesCucm.intializeDriver(basePropertiesCucm.java:52)
at stepDefinations.SD0012_login_With_Client_Customer_Admin.initialize_the_driver_of_the_browser_and_provide_the_url_to_login_with_empirix_business_analyst(SD0012_login_With_Client_Customer_Admin.java:40)
at ✽.Given Initialize the Driver of the browser and provide the URL to login with Client_Customer_Admin(features/F0012_login_With_Client_Custmer_Admin.feature:6)
... Removed 25 stack frames]]>
    </failure>
  </testcase> <!-- feature -->
  <testcase name="feature" time="0.051" classname="cucumber.api.testng.AbstractTestNGCucumberTests">
    <failure type="cucumber.runtime.CucumberException" message="java.lang.NullPointerException">
      <![CDATA[cucumber.runtime.CucumberException: java.lang.NullPointerException
at cucumber.api.testng.TestNGCucumberRunner.runCucumber(TestNGCucumberRunner.java:69)
at cucumber.api.testng.AbstractTestNGCucumberTests.feature(AbstractTestNGCucumberTests.java:21)
Caused by: java.lang.NullPointerException
at resources.basePropertiesCucm.intializeDriver(basePropertiesCucm.java:52)
at stepDefinations.SD0012_login_With_Client_Customer_Admin.initialize_the_driver_of_the_browser_and_provide_the_url_to_login_with_empirix_business_analyst(SD0012_login_With_Client_Customer_Admin.java:40)
at ✽.Given Initialize the Driver of the browser and provide the URL to login with Client_Customer_Admin(features/F0012_login_With_Client_Custmer_Admin.feature:6)
... Removed 25 stack frames]]>
    </failure>
  </testcase> <!-- feature -->
  <testcase name="feature" time="0.04" classname="cucumber.api.testng.AbstractTestNGCucumberTests">
    <failure type="cucumber.runtime.CucumberException" message="java.lang.NullPointerException">
      <![CDATA[cucumber.runtime.CucumberException: java.lang.NullPointerException
at cucumber.api.testng.TestNGCucumberRunner.runCucumber(TestNGCucumberRunner.java:69)
at cucumber.api.testng.AbstractTestNGCucumberTests.feature(AbstractTestNGCucumberTests.java:21)
Caused by: java.lang.NullPointerException
at resources.basePropertiesCucm.intializeDriver(basePropertiesCucm.java:52)
at stepDefinations.SD0013_login_With_Client_Developer.initialize_the_driver_of_the_browser_and_provide_the_url_to_login_with_empirix_business_analyst(SD0013_login_With_Client_Developer.java:40)
at ✽.Given Initialize the Driver of the browser and provide the URL to login with Client_Developer(features/F0013_login_With_Developer.feature:6)
... Removed 24 stack frames]]>
    </failure>
  </testcase> <!-- feature -->
  <testcase name="feature" time="0.036" classname="cucumber.api.testng.AbstractTestNGCucumberTests">
    <failure type="cucumber.runtime.CucumberException" message="java.lang.NullPointerException">
      <![CDATA[cucumber.runtime.CucumberException: java.lang.NullPointerException
at cucumber.api.testng.TestNGCucumberRunner.runCucumber(TestNGCucumberRunner.java:69)
at cucumber.api.testng.AbstractTestNGCucumberTests.feature(AbstractTestNGCucumberTests.java:21)
Caused by: java.lang.NullPointerException
at resources.basePropertiesCucm.intializeDriver(basePropertiesCucm.java:52)
at stepDefinations.SD0013_login_With_Client_Developer.initialize_the_driver_of_the_browser_and_provide_the_url_to_login_with_empirix_business_analyst(SD0013_login_With_Client_Developer.java:40)
at ✽.Given Initialize the Driver of the browser and provide the URL to login with Client_Developer(features/F0013_login_With_Developer.feature:6)
... Removed 24 stack frames]]>
    </failure>
  </testcase> <!-- feature -->
  <testcase name="feature" time="0.03" classname="cucumber.api.testng.AbstractTestNGCucumberTests">
    <failure type="cucumber.runtime.CucumberException" message="java.lang.NullPointerException">
      <![CDATA[cucumber.runtime.CucumberException: java.lang.NullPointerException
at cucumber.api.testng.TestNGCucumberRunner.runCucumber(TestNGCucumberRunner.java:69)
at cucumber.api.testng.AbstractTestNGCucumberTests.feature(AbstractTestNGCucumberTests.java:21)
Caused by: java.lang.NullPointerException
at resources.basePropertiesCucm.intializeDriver(basePropertiesCucm.java:52)
at stepDefinations.SD0014_login_With_Client_Enhanced_User.initialize_the_driver_of_the_browser_and_provide_the_url_to_login_with_empirix_business_analyst(SD0014_login_With_Client_Enhanced_User.java:40)
at ✽.Given Initialize the Driver of the browser and provide the URL to login with Client_Enhanced_User(features/F0014_login_With_Client_Enhanced_User.feature:6)
... Removed 24 stack frames]]>
    </failure>
  </testcase> <!-- feature -->
  <testcase name="feature" time="0.037" classname="cucumber.api.testng.AbstractTestNGCucumberTests">
    <failure type="cucumber.runtime.CucumberException" message="java.lang.NullPointerException">
      <![CDATA[cucumber.runtime.CucumberException: java.lang.NullPointerException
at cucumber.api.testng.TestNGCucumberRunner.runCucumber(TestNGCucumberRunner.java:69)
at cucumber.api.testng.AbstractTestNGCucumberTests.feature(AbstractTestNGCucumberTests.java:21)
Caused by: java.lang.NullPointerException
at resources.basePropertiesCucm.intializeDriver(basePropertiesCucm.java:52)
at stepDefinations.SD0014_login_With_Client_Enhanced_User.initialize_the_driver_of_the_browser_and_provide_the_url_to_login_with_empirix_business_analyst(SD0014_login_With_Client_Enhanced_User.java:40)
at ✽.Given Initialize the Driver of the browser and provide the URL to login with Client_Enhanced_User(features/F0014_login_With_Client_Enhanced_User.feature:6)
... Removed 24 stack frames]]>
    </failure>
  </testcase> <!-- feature -->
  <testcase name="feature" time="0.017" classname="cucumber.api.testng.AbstractTestNGCucumberTests">
    <failure type="cucumber.runtime.CucumberException" message="java.lang.NullPointerException">
      <![CDATA[cucumber.runtime.CucumberException: java.lang.NullPointerException
at cucumber.api.testng.TestNGCucumberRunner.runCucumber(TestNGCucumberRunner.java:69)
at cucumber.api.testng.AbstractTestNGCucumberTests.feature(AbstractTestNGCucumberTests.java:21)
Caused by: java.lang.NullPointerException
at resources.basePropertiesCucm.intializeDriver(basePropertiesCucm.java:52)
at stepDefinations.SD0015_login_With_Client_User.initialize_the_driver_of_the_browser_and_provide_the_url_to_login_with_empirix_business_analyst(SD0015_login_With_Client_User.java:40)
at ✽.Given Initialize the Driver of the browser and provide the URL to login with Client_User(features/F0015_login_With_Client_User.feature:6)
... Removed 24 stack frames]]>
    </failure>
  </testcase> <!-- feature -->
  <testcase name="feature" time="0.017" classname="cucumber.api.testng.AbstractTestNGCucumberTests">
    <failure type="cucumber.runtime.CucumberException" message="java.lang.NullPointerException">
      <![CDATA[cucumber.runtime.CucumberException: java.lang.NullPointerException
at cucumber.api.testng.TestNGCucumberRunner.runCucumber(TestNGCucumberRunner.java:69)
at cucumber.api.testng.AbstractTestNGCucumberTests.feature(AbstractTestNGCucumberTests.java:21)
Caused by: java.lang.NullPointerException
at resources.basePropertiesCucm.intializeDriver(basePropertiesCucm.java:52)
at stepDefinations.SD0015_login_With_Client_User.initialize_the_driver_of_the_browser_and_provide_the_url_to_login_with_empirix_business_analyst(SD0015_login_With_Client_User.java:40)
at ✽.Given Initialize the Driver of the browser and provide the URL to login with Client_User(features/F0015_login_With_Client_User.feature:6)
... Removed 24 stack frames]]>
    </failure>
  </testcase> <!-- feature -->
</testsuite> <!-- Test Case: 001- Login Page Verification  -->
