<?xml version="1.0" encoding="UTF-8"?>
<!-- Generated by org.testng.reporters.JUnitXMLReporter -->
<testsuite hostname="REM-L-SINGHH" ignored="0" name="Test Case: 001- Login Page Verification " tests="1" failures="1" timestamp="29 Oct 2019 20:51:43 GMT" time="0.63" errors="0">
  <testcase name="feature" time="0.124" classname="cucumber.api.testng.AbstractTestNGCucumberTests">
    <failure type="cucumber.runtime.CucumberException" message="java.lang.NullPointerException">
      <![CDATA[cucumber.runtime.CucumberException: java.lang.NullPointerException
at cucumber.api.testng.TestNGCucumberRunner.runCucumber(TestNGCucumberRunner.java:69)
at cucumber.api.testng.AbstractTestNGCucumberTests.feature(AbstractTestNGCucumberTests.java:21)
Caused by: java.lang.NullPointerException
at resources.basePropertiesCucm.intializeDriver(basePropertiesCucm.java:52)
at stepDefinations.SD0001_login_Page_Verification.initialize_the_driver_of_the_browser_and_provide_the_url(SD0001_login_Page_Verification.java:28)
at ✽.Given Initialize the Driver of the browser and provide the URL(features/F0001_login_Page_Verification.feature:5)
... Removed 25 stack frames]]>
    </failure>
  </testcase> <!-- feature -->
</testsuite> <!-- Test Case: 001- Login Page Verification  -->
