-------------------------------------------------------------------------------
Test set: TestSuite
-------------------------------------------------------------------------------
Tests run: 3, Failures: 2, Errors: 0, Skipped: 1, Time elapsed: 1.963 s <<< FAILURE! - in TestSuite
setUpClass(cucumberOptions.TestRunner)  Time elapsed: 1.374 s  <<< FAILURE!
cucumber.runtime.CucumberException: Unknown option: --tag

tearDownClass(cucumberOptions.TestRunner)  Time elapsed: 1.526 s  <<< FAILURE!
java.lang.NullPointerException

