<?xml version="1.0" encoding="UTF-8"?>
<testng-results skipped="0" failed="0" ignored="0" total="0" passed="0">
  <reporter-output>
  </reporter-output>
  <suite name="Suite" duration-ms="518" started-at="2019-10-30T13:09:05Z" finished-at="2019-10-30T13:09:06Z">
    <groups>
      <group name="cucumber">
        <method signature="AbstractTestNGCucumberTests.feature(cucumber.api.testng.CucumberFeatureWrapper)[pri:0, instance:cucumberOptions.TestRunner@5c6648b0]" name="feature" class="cucumber.api.testng.AbstractTestNGCucumberTests"/>
      </group> <!-- cucumber -->
    </groups>
    <test name="Test Case: 001- Login Page Verification " duration-ms="518" started-at="2019-10-30T13:09:05Z" finished-at="2019-10-30T13:09:06Z">
      <class name="cucumberOptions.TestRunner">
        <test-method status="PASS" signature="setUpClass()[pri:0, instance:cucumberOptions.TestRunner@5c6648b0]" name="setUpClass" is-config="true" duration-ms="349" started-at="2019-10-30T13:09:05Z" finished-at="2019-10-30T13:09:06Z">
          <reporter-output>
          </reporter-output>
        </test-method> <!-- setUpClass -->
        <test-method status="PASS" signature="tearDownClass()[pri:0, instance:cucumberOptions.TestRunner@5c6648b0]" name="tearDownClass" is-config="true" duration-ms="52" started-at="2019-10-30T13:09:06Z" finished-at="2019-10-30T13:09:06Z">
          <reporter-output>
          </reporter-output>
        </test-method> <!-- tearDownClass -->
      </class> <!-- cucumberOptions.TestRunner -->
    </test> <!-- Test Case: 001- Login Page Verification  -->
  </suite> <!-- Suite -->
</testng-results>
